<?xml version="1.0" encoding="ISO-8859-1"?>
<update>
	<version>1.0</version>
	<url>https://raw.github.com/yanisliu/alfred-extensions/master/Test%20Extension%20Updater.alfredextension</url>
</update>